# JRE version: OpenJDK Runtime Environment (17.0.11) (build 17.0.11+0--11852314)
# Java VM: OpenJDK 64-Bit Server VM (17.0.11+0--11852314, mixed mode, tiered, compressed oops, compressed class ptrs, g1 gc, windows-amd64)
GC Precious Log:
 CPUs: 12 total, 12 available
 Memory: 14227M
 Large Page Support: Disabled
 NUMA Support: Disabled
 Compressed Oops: Enabled (32-bit)
 Heap Region Size: 1M
 Heap Min Capacity: 8M
 Heap Initial Capacity: 224M
 Heap Max Capacity: 2G
 Pre-touch: Disabled
 Parallel Workers: 10
 Concurrent Workers: 3
 Concurrent Refinement Workers: 10
 Periodic GC: Disabled
Heap:
 garbage-first heap   total 162816K, used 113437K [0x0000000080000000, 0x0000000100000000)
  region size 1024K, 7 young (7168K), 5 survivors (5120K)
 Metaspace       used 111374K, committed 112192K, reserved 1179648K
  class space    used 15480K, committed 15872K, reserved 1048576K
GC Heap History (20 events):
Event: 10.545 GC heap before
{Heap before GC invocations=49 (full 0):
 garbage-first heap   total 135168K, used 115395K [0x0000000080000000, 0x0000000100000000)
  region size 1024K, 25 young (25600K), 3 survivors (3072K)
 Metaspace       used 102250K, committed 102976K, reserved 1179648K
  class space    used 14181K, committed 14528K, reserved 1048576K
}
Event: 10.547 GC heap after
{Heap after GC invocations=50 (full 0):
 garbage-first heap   total 135168K, used 94994K [0x0000000080000000, 0x0000000100000000)
  region size 1024K, 3 young (3072K), 3 survivors (3072K)
 Metaspace       used 102250K, committed 102976K, reserved 1179648K
  class space    used 14181K, committed 14528K, reserved 1048576K
}
Event: 10.732 GC heap before
{Heap before GC invocations=50 (full 0):
 garbage-first heap   total 135168K, used 115474K [0x0000000080000000, 0x0000000100000000)
  region size 1024K, 23 young (23552K), 3 survivors (3072K)
 Metaspace       used 103464K, committed 104256K, reserved 1179648K
  class space    used 14343K, committed 14720K, reserved 1048576K
}
Event: 10.734 GC heap after
{Heap after GC invocations=51 (full 0):
 garbage-first heap   total 135168K, used 96422K [0x0000000080000000, 0x0000000100000000)
  region size 1024K, 3 young (3072K), 3 survivors (3072K)
 Metaspace       used 103464K, committed 104256K, reserved 1179648K
  class space    used 14343K, committed 14720K, reserved 1048576K
}
Event: 10.875 GC heap before
{Heap before GC invocations=51 (full 0):
 garbage-first heap   total 135168K, used 115878K [0x0000000080000000, 0x0000000100000000)
  region size 1024K, 22 young (22528K), 3 survivors (3072K)
 Metaspace       used 104433K, committed 105152K, reserved 1179648K
  class space    used 14484K, committed 14848K, reserved 1048576K
}
Event: 10.877 GC heap after
{Heap after GC invocations=52 (full 0):
 garbage-first heap   total 135168K, used 98053K [0x0000000080000000, 0x0000000100000000)
  region size 1024K, 3 young (3072K), 3 survivors (3072K)
 Metaspace       used 104433K, committed 105152K, reserved 1179648K
  class space    used 14484K, committed 14848K, reserved 1048576K
}
Event: 11.332 GC heap before
{Heap before GC invocations=52 (full 0):
 garbage-first heap   total 135168K, used 115461K [0x0000000080000000, 0x0000000100000000)
  region size 1024K, 21 young (21504K), 3 survivors (3072K)
 Metaspace       used 106144K, committed 106944K, reserved 1179648K
  class space    used 14782K, committed 15168K, reserved 1048576K
}
Event: 11.334 GC heap after
{Heap after GC invocations=53 (full 0):
 garbage-first heap   total 135168K, used 100254K [0x0000000080000000, 0x0000000100000000)
  region size 1024K, 3 young (3072K), 3 survivors (3072K)
 Metaspace       used 106144K, committed 106944K, reserved 1179648K
  class space    used 14782K, committed 15168K, reserved 1048576K
}
Event: 11.499 GC heap before
{Heap before GC invocations=53 (full 0):
 garbage-first heap   total 135168K, used 115614K [0x0000000080000000, 0x0000000100000000)
  region size 1024K, 18 young (18432K), 3 survivors (3072K)
 Metaspace       used 106518K, committed 107264K, reserved 1179648K
  class space    used 14830K, committed 15232K, reserved 1048576K
}
Event: 11.502 GC heap after
{Heap after GC invocations=54 (full 0):
 garbage-first heap   total 135168K, used 101696K [0x0000000080000000, 0x0000000100000000)
  region size 1024K, 2 young (2048K), 2 survivors (2048K)
 Metaspace       used 106518K, committed 107264K, reserved 1179648K
  class space    used 14830K, committed 15232K, reserved 1048576K
}
Event: 11.551 GC heap before
{Heap before GC invocations=54 (full 0):
 garbage-first heap   total 135168K, used 115008K [0x0000000080000000, 0x0000000100000000)
  region size 1024K, 16 young (16384K), 2 survivors (2048K)
 Metaspace       used 106589K, committed 107392K, reserved 1179648K
  class space    used 14835K, committed 15232K, reserved 1048576K
}
Event: 11.552 GC heap after
{Heap after GC invocations=55 (full 0):
 garbage-first heap   total 162816K, used 102498K [0x0000000080000000, 0x0000000100000000)
  region size 1024K, 1 young (1024K), 1 survivors (1024K)
 Metaspace       used 106589K, committed 107392K, reserved 1179648K
  class space    used 14835K, committed 15232K, reserved 1048576K
}
Event: 12.662 GC heap before
{Heap before GC invocations=55 (full 0):
 garbage-first heap   total 162816K, used 135266K [0x0000000080000000, 0x0000000100000000)
  region size 1024K, 34 young (34816K), 1 survivors (1024K)
 Metaspace       used 107064K, committed 107840K, reserved 1179648K
  class space    used 14916K, committed 15296K, reserved 1048576K
}
Event: 12.663 GC heap after
{Heap after GC invocations=56 (full 0):
 garbage-first heap   total 162816K, used 104277K [0x0000000080000000, 0x0000000100000000)
  region size 1024K, 3 young (3072K), 3 survivors (3072K)
 Metaspace       used 107064K, committed 107840K, reserved 1179648K
  class space    used 14916K, committed 15296K, reserved 1048576K
}
Event: 13.298 GC heap before
{Heap before GC invocations=56 (full 0):
 garbage-first heap   total 162816K, used 136021K [0x0000000080000000, 0x0000000100000000)
  region size 1024K, 35 young (35840K), 3 survivors (3072K)
 Metaspace       used 107451K, committed 108288K, reserved 1179648K
  class space    used 14953K, committed 15360K, reserved 1048576K
}
Event: 13.300 GC heap after
{Heap after GC invocations=57 (full 0):
 garbage-first heap   total 162816K, used 106011K [0x0000000080000000, 0x0000000100000000)
  region size 1024K, 5 young (5120K), 5 survivors (5120K)
 Metaspace       used 107451K, committed 108288K, reserved 1179648K
  class space    used 14953K, committed 15360K, reserved 1048576K
}
Event: 14.724 GC heap before
{Heap before GC invocations=57 (full 0):
 garbage-first heap   total 162816K, used 136731K [0x0000000080000000, 0x0000000100000000)
  region size 1024K, 36 young (36864K), 5 survivors (5120K)
 Metaspace       used 107738K, committed 108480K, reserved 1179648K
  class space    used 14981K, committed 15360K, reserved 1048576K
}
Event: 14.727 GC heap after
{Heap after GC invocations=58 (full 0):
 garbage-first heap   total 162816K, used 107854K [0x0000000080000000, 0x0000000100000000)
  region size 1024K, 4 young (4096K), 4 survivors (4096K)
 Metaspace       used 107738K, committed 108480K, reserved 1179648K
  class space    used 14981K, committed 15360K, reserved 1048576K
}
Event: 16.289 GC heap before
{Heap before GC invocations=58 (full 0):
 garbage-first heap   total 162816K, used 137550K [0x0000000080000000, 0x0000000100000000)
  region size 1024K, 34 young (34816K), 4 survivors (4096K)
 Metaspace       used 109827K, committed 110592K, reserved 1179648K
  class space    used 15252K, committed 15616K, reserved 1048576K
}
Event: 16.291 GC heap after
{Heap after GC invocations=59 (full 0):
 garbage-first heap   total 162816K, used 110401K [0x0000000080000000, 0x0000000100000000)
  region size 1024K, 5 young (5120K), 5 survivors (5120K)
 Metaspace       used 109827K, committed 110592K, reserved 1179648K
  class space    used 15252K, committed 15616K, reserved 1048576K
}

